mode: set
github.com/davidyunus/sawitpro-estate/docs/docs.go:290.13,292.2 1 0
github.com/davidyunus/sawitpro-estate/main.go:30.27,35.16 3 0
github.com/davidyunus/sawitpro-estate/main.go:35.16,37.3 1 0
github.com/davidyunus/sawitpro-estate/main.go:39.2,40.16 2 0
github.com/davidyunus/sawitpro-estate/main.go:40.16,42.3 1 0
github.com/davidyunus/sawitpro-estate/main.go:44.2,46.12 2 0
github.com/davidyunus/sawitpro-estate/main.go:49.23,54.2 3 0
github.com/davidyunus/sawitpro-estate/main.go:56.26,60.2 2 0
github.com/davidyunus/sawitpro-estate/main.go:62.23,68.44 4 0
github.com/davidyunus/sawitpro-estate/main.go:68.44,70.3 1 0
github.com/davidyunus/sawitpro-estate/main.go:72.2,72.25 1 0
github.com/davidyunus/sawitpro-estate/main.go:75.13,77.16 2 0
github.com/davidyunus/sawitpro-estate/main.go:77.16,79.3 1 0
github.com/davidyunus/sawitpro-estate/main.go:80.2,81.16 2 0
github.com/davidyunus/sawitpro-estate/main.go:81.16,83.3 1 0
github.com/davidyunus/sawitpro-estate/main.go:84.2,85.16 2 0
github.com/davidyunus/sawitpro-estate/main.go:85.16,87.3 1 0
github.com/davidyunus/sawitpro-estate/main.go:88.2,89.16 2 0
github.com/davidyunus/sawitpro-estate/main.go:89.16,91.3 1 0
github.com/davidyunus/sawitpro-estate/src/mock/estate.go:32.71,36.2 3 0
github.com/davidyunus/sawitpro-estate/src/mock/estate.go:39.69,41.2 1 0
github.com/davidyunus/sawitpro-estate/src/mock/estate.go:44.123,50.2 5 0
github.com/davidyunus/sawitpro-estate/src/mock/estate.go:53.84,56.2 2 0
github.com/davidyunus/sawitpro-estate/src/mock/estate.go:59.149,65.2 5 0
github.com/davidyunus/sawitpro-estate/src/mock/estate.go:68.104,71.2 2 0
github.com/davidyunus/sawitpro-estate/src/mock/estate.go:74.112,80.2 5 0
github.com/davidyunus/sawitpro-estate/src/mock/estate.go:83.81,86.2 2 0
github.com/davidyunus/sawitpro-estate/src/mock/estate.go:89.138,95.2 5 0
github.com/davidyunus/sawitpro-estate/src/mock/estate.go:98.89,101.2 2 0
github.com/davidyunus/sawitpro-estate/src/mock/estate.go:115.77,119.2 3 0
github.com/davidyunus/sawitpro-estate/src/mock/estate.go:122.75,124.2 1 0
github.com/davidyunus/sawitpro-estate/src/mock/estate.go:127.94,132.2 4 0
github.com/davidyunus/sawitpro-estate/src/mock/estate.go:135.87,138.2 2 0
github.com/davidyunus/sawitpro-estate/src/mock/estate.go:141.104,147.2 5 0
github.com/davidyunus/sawitpro-estate/src/mock/estate.go:150.87,153.2 2 0
github.com/davidyunus/sawitpro-estate/src/mock/palm_tree.go:32.97,36.2 3 0
github.com/davidyunus/sawitpro-estate/src/mock/palm_tree.go:39.95,41.2 1 0
github.com/davidyunus/sawitpro-estate/src/mock/palm_tree.go:44.120,50.2 5 0
github.com/davidyunus/sawitpro-estate/src/mock/palm_tree.go:53.100,56.2 2 0
github.com/davidyunus/sawitpro-estate/src/mock/palm_tree.go:59.118,64.2 4 0
github.com/davidyunus/sawitpro-estate/src/mock/palm_tree.go:67.102,70.2 2 0
github.com/davidyunus/sawitpro-estate/src/helper/http_response.go:16.80,24.2 6 0
github.com/davidyunus/sawitpro-estate/src/helper/http_response.go:26.35,27.16 1 0
github.com/davidyunus/sawitpro-estate/src/helper/http_response.go:27.16,29.3 1 0
github.com/davidyunus/sawitpro-estate/src/helper/http_response.go:31.2,31.21 1 0
github.com/davidyunus/sawitpro-estate/src/helper/http_response.go:32.38,33.31 1 0
github.com/davidyunus/sawitpro-estate/src/helper/http_response.go:34.39,35.31 1 0
github.com/davidyunus/sawitpro-estate/src/helper/http_response.go:36.40,37.29 1 0
github.com/davidyunus/sawitpro-estate/src/helper/http_response.go:38.10,39.40 1 0
github.com/davidyunus/sawitpro-estate/src/helper/time.go:10.22,12.2 1 0
github.com/davidyunus/sawitpro-estate/src/helper/time.go:14.29,16.16 2 0
github.com/davidyunus/sawitpro-estate/src/helper/time.go:16.16,18.3 1 0
github.com/davidyunus/sawitpro-estate/src/helper/time.go:19.2,19.12 1 0
github.com/davidyunus/sawitpro-estate/src/helper/transaction.go:14.32,16.2 1 0
github.com/davidyunus/sawitpro-estate/src/helper/transaction.go:18.45,23.2 1 0
github.com/davidyunus/sawitpro-estate/src/helper/validator.go:9.58,11.2 1 0
github.com/davidyunus/sawitpro-estate/src/helper/validator.go:13.38,15.2 1 0
github.com/davidyunus/sawitpro-estate/src/palm_tree/repository/sql/palm_tree_sql.go:18.104,23.2 1 0
github.com/davidyunus/sawitpro-estate/src/palm_tree/repository/sql/palm_tree_sql.go:25.130,27.16 2 0
github.com/davidyunus/sawitpro-estate/src/palm_tree/repository/sql/palm_tree_sql.go:27.16,29.3 1 0
github.com/davidyunus/sawitpro-estate/src/palm_tree/repository/sql/palm_tree_sql.go:31.2,31.15 1 0
github.com/davidyunus/sawitpro-estate/src/palm_tree/repository/sql/palm_tree_sql.go:31.15,33.17 2 0
github.com/davidyunus/sawitpro-estate/src/palm_tree/repository/sql/palm_tree_sql.go:33.17,35.4 1 0
github.com/davidyunus/sawitpro-estate/src/palm_tree/repository/sql/palm_tree_sql.go:38.2,39.18 2 0
github.com/davidyunus/sawitpro-estate/src/palm_tree/repository/sql/palm_tree_sql.go:39.18,50.17 3 0
github.com/davidyunus/sawitpro-estate/src/palm_tree/repository/sql/palm_tree_sql.go:50.17,52.4 1 0
github.com/davidyunus/sawitpro-estate/src/palm_tree/repository/sql/palm_tree_sql.go:54.3,54.36 1 0
github.com/davidyunus/sawitpro-estate/src/palm_tree/repository/sql/palm_tree_sql.go:57.2,57.20 1 0
github.com/davidyunus/sawitpro-estate/src/palm_tree/repository/sql/palm_tree_sql.go:60.119,62.16 2 0
github.com/davidyunus/sawitpro-estate/src/palm_tree/repository/sql/palm_tree_sql.go:62.16,64.3 1 0
github.com/davidyunus/sawitpro-estate/src/palm_tree/repository/sql/palm_tree_sql.go:65.2,65.20 1 0
github.com/davidyunus/sawitpro-estate/src/palm_tree/repository/sql/palm_tree_sql.go:68.117,74.15 3 0
github.com/davidyunus/sawitpro-estate/src/palm_tree/repository/sql/palm_tree_sql.go:74.15,76.3 1 0
github.com/davidyunus/sawitpro-estate/src/palm_tree/repository/sql/palm_tree_sql.go:78.2,85.16 2 0
github.com/davidyunus/sawitpro-estate/src/palm_tree/repository/sql/palm_tree_sql.go:85.16,87.3 1 0
github.com/davidyunus/sawitpro-estate/src/palm_tree/repository/sql/palm_tree_sql.go:89.2,89.12 1 0
github.com/davidyunus/sawitpro-estate/src/estate/repository/sql/estate_sql.go:17.92,22.2 1 1
github.com/davidyunus/sawitpro-estate/src/estate/repository/sql/estate_sql.go:24.118,26.16 2 1
github.com/davidyunus/sawitpro-estate/src/estate/repository/sql/estate_sql.go:26.16,28.3 1 1
github.com/davidyunus/sawitpro-estate/src/estate/repository/sql/estate_sql.go:30.2,30.15 1 1
github.com/davidyunus/sawitpro-estate/src/estate/repository/sql/estate_sql.go:30.15,32.17 2 1
github.com/davidyunus/sawitpro-estate/src/estate/repository/sql/estate_sql.go:32.17,34.4 1 0
github.com/davidyunus/sawitpro-estate/src/estate/repository/sql/estate_sql.go:37.2,38.18 2 1
github.com/davidyunus/sawitpro-estate/src/estate/repository/sql/estate_sql.go:38.18,46.17 3 1
github.com/davidyunus/sawitpro-estate/src/estate/repository/sql/estate_sql.go:46.17,48.4 1 0
github.com/davidyunus/sawitpro-estate/src/estate/repository/sql/estate_sql.go:49.3,49.34 1 1
github.com/davidyunus/sawitpro-estate/src/estate/repository/sql/estate_sql.go:52.2,52.20 1 1
github.com/davidyunus/sawitpro-estate/src/estate/repository/sql/estate_sql.go:55.93,61.15 3 1
github.com/davidyunus/sawitpro-estate/src/estate/repository/sql/estate_sql.go:61.15,63.3 1 0
github.com/davidyunus/sawitpro-estate/src/estate/repository/sql/estate_sql.go:65.2,71.16 2 1
github.com/davidyunus/sawitpro-estate/src/estate/repository/sql/estate_sql.go:71.16,73.3 1 1
github.com/davidyunus/sawitpro-estate/src/estate/repository/sql/estate_sql.go:75.2,75.12 1 1
github.com/davidyunus/sawitpro-estate/src/estate/repository/sql/estate_sql.go:78.103,80.16 2 1
github.com/davidyunus/sawitpro-estate/src/estate/repository/sql/estate_sql.go:80.16,82.3 1 1
github.com/davidyunus/sawitpro-estate/src/estate/repository/sql/estate_sql.go:83.2,83.22 1 1
github.com/davidyunus/sawitpro-estate/src/estate/repository/sql/estate_sql.go:83.22,85.3 1 1
github.com/davidyunus/sawitpro-estate/src/estate/repository/sql/estate_sql.go:86.2,86.24 1 1
github.com/davidyunus/sawitpro-estate/src/helper/http_response.go:16.80,24.2 6 0
github.com/davidyunus/sawitpro-estate/src/helper/http_response.go:26.35,27.16 1 0
github.com/davidyunus/sawitpro-estate/src/helper/http_response.go:27.16,29.3 1 0
github.com/davidyunus/sawitpro-estate/src/helper/http_response.go:31.2,31.21 1 0
github.com/davidyunus/sawitpro-estate/src/helper/http_response.go:32.38,33.31 1 0
github.com/davidyunus/sawitpro-estate/src/helper/http_response.go:34.39,35.31 1 0
github.com/davidyunus/sawitpro-estate/src/helper/http_response.go:36.40,37.29 1 0
github.com/davidyunus/sawitpro-estate/src/helper/http_response.go:38.10,39.40 1 0
github.com/davidyunus/sawitpro-estate/src/helper/time.go:10.22,12.2 1 1
github.com/davidyunus/sawitpro-estate/src/helper/time.go:14.29,16.16 2 1
github.com/davidyunus/sawitpro-estate/src/helper/time.go:16.16,18.3 1 0
github.com/davidyunus/sawitpro-estate/src/helper/time.go:19.2,19.12 1 1
github.com/davidyunus/sawitpro-estate/src/helper/transaction.go:14.32,16.2 1 1
github.com/davidyunus/sawitpro-estate/src/helper/transaction.go:18.45,23.2 1 1
github.com/davidyunus/sawitpro-estate/src/helper/validator.go:9.58,11.2 1 0
github.com/davidyunus/sawitpro-estate/src/helper/validator.go:13.38,15.2 1 0
github.com/davidyunus/sawitpro-estate/src/estate/usecase/estate_usecase.go:14.136,19.2 1 1
github.com/davidyunus/sawitpro-estate/src/estate/usecase/estate_usecase.go:21.119,26.32 4 1
github.com/davidyunus/sawitpro-estate/src/estate/usecase/estate_usecase.go:26.32,28.3 1 1
github.com/davidyunus/sawitpro-estate/src/estate/usecase/estate_usecase.go:30.2,36.16 3 1
github.com/davidyunus/sawitpro-estate/src/estate/usecase/estate_usecase.go:36.16,38.3 1 1
github.com/davidyunus/sawitpro-estate/src/estate/usecase/estate_usecase.go:40.2,42.8 1 1
github.com/davidyunus/sawitpro-estate/src/estate/usecase/estate_usecase.go:45.134,47.16 2 1
github.com/davidyunus/sawitpro-estate/src/estate/usecase/estate_usecase.go:47.16,49.3 1 1
github.com/davidyunus/sawitpro-estate/src/estate/usecase/estate_usecase.go:50.2,50.19 1 1
github.com/davidyunus/sawitpro-estate/src/estate/usecase/estate_usecase.go:50.19,52.3 1 1
github.com/davidyunus/sawitpro-estate/src/estate/usecase/estate_usecase.go:54.2,55.16 2 1
github.com/davidyunus/sawitpro-estate/src/estate/usecase/estate_usecase.go:55.16,57.3 1 1
github.com/davidyunus/sawitpro-estate/src/estate/usecase/estate_usecase.go:59.2,59.29 1 1
github.com/davidyunus/sawitpro-estate/src/estate/usecase/estate_usecase.go:59.29,60.45 1 1
github.com/davidyunus/sawitpro-estate/src/estate/usecase/estate_usecase.go:60.45,62.4 1 1
github.com/davidyunus/sawitpro-estate/src/estate/usecase/estate_usecase.go:65.2,66.16 2 1
github.com/davidyunus/sawitpro-estate/src/estate/usecase/estate_usecase.go:66.16,68.3 1 1
github.com/davidyunus/sawitpro-estate/src/estate/usecase/estate_usecase.go:70.2,72.8 1 1
github.com/davidyunus/sawitpro-estate/src/estate/usecase/estate_usecase.go:75.108,77.16 2 1
github.com/davidyunus/sawitpro-estate/src/estate/usecase/estate_usecase.go:77.16,79.3 1 1
github.com/davidyunus/sawitpro-estate/src/estate/usecase/estate_usecase.go:80.2,80.19 1 1
github.com/davidyunus/sawitpro-estate/src/estate/usecase/estate_usecase.go:80.19,82.3 1 1
github.com/davidyunus/sawitpro-estate/src/estate/usecase/estate_usecase.go:84.2,85.16 2 1
github.com/davidyunus/sawitpro-estate/src/estate/usecase/estate_usecase.go:85.16,87.3 1 1
github.com/davidyunus/sawitpro-estate/src/estate/usecase/estate_usecase.go:89.2,91.29 3 1
github.com/davidyunus/sawitpro-estate/src/estate/usecase/estate_usecase.go:91.29,93.38 2 1
github.com/davidyunus/sawitpro-estate/src/estate/usecase/estate_usecase.go:93.38,95.4 1 1
github.com/davidyunus/sawitpro-estate/src/estate/usecase/estate_usecase.go:96.3,96.64 1 1
github.com/davidyunus/sawitpro-estate/src/estate/usecase/estate_usecase.go:96.64,98.4 1 1
github.com/davidyunus/sawitpro-estate/src/estate/usecase/estate_usecase.go:99.3,99.49 1 1
github.com/davidyunus/sawitpro-estate/src/estate/usecase/estate_usecase.go:101.2,103.27 2 1
github.com/davidyunus/sawitpro-estate/src/estate/usecase/estate_usecase.go:106.145,108.16 2 1
github.com/davidyunus/sawitpro-estate/src/estate/usecase/estate_usecase.go:108.16,110.3 1 1
github.com/davidyunus/sawitpro-estate/src/estate/usecase/estate_usecase.go:111.2,111.19 1 1
github.com/davidyunus/sawitpro-estate/src/estate/usecase/estate_usecase.go:111.19,113.3 1 1
github.com/davidyunus/sawitpro-estate/src/estate/usecase/estate_usecase.go:115.2,116.16 2 1
github.com/davidyunus/sawitpro-estate/src/estate/usecase/estate_usecase.go:116.16,118.3 1 1
github.com/davidyunus/sawitpro-estate/src/estate/usecase/estate_usecase.go:120.2,127.46 7 1
github.com/davidyunus/sawitpro-estate/src/estate/usecase/estate_usecase.go:127.46,128.29 1 1
github.com/davidyunus/sawitpro-estate/src/estate/usecase/estate_usecase.go:128.29,129.23 1 1
github.com/davidyunus/sawitpro-estate/src/estate/usecase/estate_usecase.go:129.23,133.5 3 1
github.com/davidyunus/sawitpro-estate/src/estate/usecase/estate_usecase.go:133.10,133.37 1 1
github.com/davidyunus/sawitpro-estate/src/estate/usecase/estate_usecase.go:133.37,137.5 3 1
github.com/davidyunus/sawitpro-estate/src/estate/usecase/estate_usecase.go:138.4,138.36 1 1
github.com/davidyunus/sawitpro-estate/src/estate/usecase/estate_usecase.go:138.36,141.5 2 1
github.com/davidyunus/sawitpro-estate/src/estate/usecase/estate_usecase.go:143.3,144.77 2 1
github.com/davidyunus/sawitpro-estate/src/estate/usecase/estate_usecase.go:144.77,152.4 1 1
github.com/davidyunus/sawitpro-estate/src/estate/usecase/estate_usecase.go:155.2,158.8 2 1
github.com/davidyunus/sawitpro-estate/src/estate/usecase/func.go:10.41,14.14 3 1
github.com/davidyunus/sawitpro-estate/src/estate/usecase/func.go:14.14,16.3 1 1
github.com/davidyunus/sawitpro-estate/src/estate/usecase/func.go:16.8,20.3 3 1
github.com/davidyunus/sawitpro-estate/src/estate/usecase/func.go:23.21,24.11 1 1
github.com/davidyunus/sawitpro-estate/src/estate/usecase/func.go:24.11,26.3 1 1
github.com/davidyunus/sawitpro-estate/src/estate/usecase/func.go:27.2,27.10 1 1
github.com/davidyunus/sawitpro-estate/src/estate/usecase/func.go:30.63,32.30 2 1
github.com/davidyunus/sawitpro-estate/src/estate/usecase/func.go:32.30,33.15 1 1
github.com/davidyunus/sawitpro-estate/src/estate/usecase/func.go:33.15,34.33 1 1
github.com/davidyunus/sawitpro-estate/src/estate/usecase/func.go:34.33,36.5 1 1
github.com/davidyunus/sawitpro-estate/src/estate/usecase/func.go:37.9,38.33 1 1
github.com/davidyunus/sawitpro-estate/src/estate/usecase/func.go:38.33,40.5 1 1
github.com/davidyunus/sawitpro-estate/src/estate/usecase/func.go:43.2,43.20 1 1
github.com/davidyunus/sawitpro-estate/src/estate/usecase/func.go:46.99,47.29 1 1
github.com/davidyunus/sawitpro-estate/src/estate/usecase/func.go:47.29,48.38 1 1
github.com/davidyunus/sawitpro-estate/src/estate/usecase/func.go:48.38,49.72 1 1
github.com/davidyunus/sawitpro-estate/src/estate/usecase/func.go:49.72,51.10 2 1
github.com/davidyunus/sawitpro-estate/src/estate/usecase/func.go:55.2,55.20 1 1
github.com/davidyunus/sawitpro-estate/src/estate/usecase/func.go:58.91,59.45 1 1
github.com/davidyunus/sawitpro-estate/src/estate/usecase/func.go:59.45,60.33 1 1
github.com/davidyunus/sawitpro-estate/src/estate/usecase/func.go:60.33,61.9 1 1
github.com/davidyunus/sawitpro-estate/src/estate/usecase/func.go:63.3,63.32 1 1
github.com/davidyunus/sawitpro-estate/src/estate/usecase/func.go:65.2,65.20 1 1
github.com/davidyunus/sawitpro-estate/src/estate/usecase/func.go:68.34,70.2 1 0
github.com/davidyunus/sawitpro-estate/src/mock/estate.go:32.71,36.2 3 0
github.com/davidyunus/sawitpro-estate/src/mock/estate.go:39.69,41.2 1 0
github.com/davidyunus/sawitpro-estate/src/mock/estate.go:44.123,50.2 5 0
github.com/davidyunus/sawitpro-estate/src/mock/estate.go:53.84,56.2 2 0
github.com/davidyunus/sawitpro-estate/src/mock/estate.go:59.149,65.2 5 0
github.com/davidyunus/sawitpro-estate/src/mock/estate.go:68.104,71.2 2 0
github.com/davidyunus/sawitpro-estate/src/mock/estate.go:74.112,80.2 5 0
github.com/davidyunus/sawitpro-estate/src/mock/estate.go:83.81,86.2 2 0
github.com/davidyunus/sawitpro-estate/src/mock/estate.go:89.138,95.2 5 0
github.com/davidyunus/sawitpro-estate/src/mock/estate.go:98.89,101.2 2 0
github.com/davidyunus/sawitpro-estate/src/mock/estate.go:115.77,119.2 3 1
github.com/davidyunus/sawitpro-estate/src/mock/estate.go:122.75,124.2 1 1
github.com/davidyunus/sawitpro-estate/src/mock/estate.go:127.94,132.2 4 1
github.com/davidyunus/sawitpro-estate/src/mock/estate.go:135.87,138.2 2 1
github.com/davidyunus/sawitpro-estate/src/mock/estate.go:141.104,147.2 5 1
github.com/davidyunus/sawitpro-estate/src/mock/estate.go:150.87,153.2 2 1
github.com/davidyunus/sawitpro-estate/src/mock/palm_tree.go:32.97,36.2 3 1
github.com/davidyunus/sawitpro-estate/src/mock/palm_tree.go:39.95,41.2 1 1
github.com/davidyunus/sawitpro-estate/src/mock/palm_tree.go:44.120,50.2 5 1
github.com/davidyunus/sawitpro-estate/src/mock/palm_tree.go:53.100,56.2 2 1
github.com/davidyunus/sawitpro-estate/src/mock/palm_tree.go:59.118,64.2 4 1
github.com/davidyunus/sawitpro-estate/src/mock/palm_tree.go:67.102,70.2 2 1
github.com/davidyunus/sawitpro-estate/src/estate/delivery/http/estate_http.go:17.73,26.2 5 1
github.com/davidyunus/sawitpro-estate/src/estate/delivery/http/estate_http.go:37.60,42.16 4 1
github.com/davidyunus/sawitpro-estate/src/estate/delivery/http/estate_http.go:42.16,46.3 3 1
github.com/davidyunus/sawitpro-estate/src/estate/delivery/http/estate_http.go:47.2,49.16 3 1
github.com/davidyunus/sawitpro-estate/src/estate/delivery/http/estate_http.go:49.16,53.3 3 1
github.com/davidyunus/sawitpro-estate/src/estate/delivery/http/estate_http.go:55.2,56.16 2 1
github.com/davidyunus/sawitpro-estate/src/estate/delivery/http/estate_http.go:56.16,59.3 2 1
github.com/davidyunus/sawitpro-estate/src/estate/delivery/http/estate_http.go:61.2,62.45 2 1
github.com/davidyunus/sawitpro-estate/src/estate/delivery/http/estate_http.go:75.61,81.16 5 1
github.com/davidyunus/sawitpro-estate/src/estate/delivery/http/estate_http.go:81.16,85.3 3 1
github.com/davidyunus/sawitpro-estate/src/estate/delivery/http/estate_http.go:86.2,88.16 3 1
github.com/davidyunus/sawitpro-estate/src/estate/delivery/http/estate_http.go:88.16,92.3 3 1
github.com/davidyunus/sawitpro-estate/src/estate/delivery/http/estate_http.go:93.2,94.16 2 1
github.com/davidyunus/sawitpro-estate/src/estate/delivery/http/estate_http.go:94.16,98.3 3 1
github.com/davidyunus/sawitpro-estate/src/estate/delivery/http/estate_http.go:100.2,101.45 2 1
github.com/davidyunus/sawitpro-estate/src/estate/delivery/http/estate_http.go:113.60,118.16 4 1
github.com/davidyunus/sawitpro-estate/src/estate/delivery/http/estate_http.go:118.16,122.3 3 1
github.com/davidyunus/sawitpro-estate/src/estate/delivery/http/estate_http.go:124.2,125.45 2 1
github.com/davidyunus/sawitpro-estate/src/estate/delivery/http/estate_http.go:138.70,142.23 4 1
github.com/davidyunus/sawitpro-estate/src/estate/delivery/http/estate_http.go:142.23,144.3 1 1
github.com/davidyunus/sawitpro-estate/src/estate/delivery/http/estate_http.go:145.2,146.16 2 1
github.com/davidyunus/sawitpro-estate/src/estate/delivery/http/estate_http.go:146.16,149.3 2 1
github.com/davidyunus/sawitpro-estate/src/estate/delivery/http/estate_http.go:151.2,152.16 2 1
github.com/davidyunus/sawitpro-estate/src/estate/delivery/http/estate_http.go:152.16,156.3 3 1
github.com/davidyunus/sawitpro-estate/src/estate/delivery/http/estate_http.go:158.2,159.45 2 1
github.com/davidyunus/sawitpro-estate/src/helper/http_response.go:16.80,24.2 6 1
github.com/davidyunus/sawitpro-estate/src/helper/http_response.go:26.35,27.16 1 1
github.com/davidyunus/sawitpro-estate/src/helper/http_response.go:27.16,29.3 1 0
github.com/davidyunus/sawitpro-estate/src/helper/http_response.go:31.2,31.21 1 1
github.com/davidyunus/sawitpro-estate/src/helper/http_response.go:32.38,33.31 1 1
github.com/davidyunus/sawitpro-estate/src/helper/http_response.go:34.39,35.31 1 0
github.com/davidyunus/sawitpro-estate/src/helper/http_response.go:36.40,37.29 1 1
github.com/davidyunus/sawitpro-estate/src/helper/http_response.go:38.10,39.40 1 0
github.com/davidyunus/sawitpro-estate/src/helper/time.go:10.22,12.2 1 0
github.com/davidyunus/sawitpro-estate/src/helper/time.go:14.29,16.16 2 0
github.com/davidyunus/sawitpro-estate/src/helper/time.go:16.16,18.3 1 0
github.com/davidyunus/sawitpro-estate/src/helper/time.go:19.2,19.12 1 0
github.com/davidyunus/sawitpro-estate/src/helper/transaction.go:14.32,16.2 1 0
github.com/davidyunus/sawitpro-estate/src/helper/transaction.go:18.45,23.2 1 0
github.com/davidyunus/sawitpro-estate/src/helper/validator.go:9.58,11.2 1 1
github.com/davidyunus/sawitpro-estate/src/helper/validator.go:13.38,15.2 1 1
github.com/davidyunus/sawitpro-estate/src/mock/estate.go:32.71,36.2 3 1
github.com/davidyunus/sawitpro-estate/src/mock/estate.go:39.69,41.2 1 1
github.com/davidyunus/sawitpro-estate/src/mock/estate.go:44.123,50.2 5 1
github.com/davidyunus/sawitpro-estate/src/mock/estate.go:53.84,56.2 2 1
github.com/davidyunus/sawitpro-estate/src/mock/estate.go:59.149,65.2 5 1
github.com/davidyunus/sawitpro-estate/src/mock/estate.go:68.104,71.2 2 1
github.com/davidyunus/sawitpro-estate/src/mock/estate.go:74.112,80.2 5 1
github.com/davidyunus/sawitpro-estate/src/mock/estate.go:83.81,86.2 2 1
github.com/davidyunus/sawitpro-estate/src/mock/estate.go:89.138,95.2 5 1
github.com/davidyunus/sawitpro-estate/src/mock/estate.go:98.89,101.2 2 1
github.com/davidyunus/sawitpro-estate/src/mock/estate.go:115.77,119.2 3 0
github.com/davidyunus/sawitpro-estate/src/mock/estate.go:122.75,124.2 1 0
github.com/davidyunus/sawitpro-estate/src/mock/estate.go:127.94,132.2 4 0
github.com/davidyunus/sawitpro-estate/src/mock/estate.go:135.87,138.2 2 0
github.com/davidyunus/sawitpro-estate/src/mock/estate.go:141.104,147.2 5 0
github.com/davidyunus/sawitpro-estate/src/mock/estate.go:150.87,153.2 2 0
github.com/davidyunus/sawitpro-estate/src/mock/palm_tree.go:32.97,36.2 3 0
github.com/davidyunus/sawitpro-estate/src/mock/palm_tree.go:39.95,41.2 1 0
github.com/davidyunus/sawitpro-estate/src/mock/palm_tree.go:44.120,50.2 5 0
github.com/davidyunus/sawitpro-estate/src/mock/palm_tree.go:53.100,56.2 2 0
github.com/davidyunus/sawitpro-estate/src/mock/palm_tree.go:59.118,64.2 4 0
github.com/davidyunus/sawitpro-estate/src/mock/palm_tree.go:67.102,70.2 2 0
