mode: set
github.com/davidyunus/sawitpro-estate/main.go:30.27,35.16 3 0
github.com/davidyunus/sawitpro-estate/main.go:35.16,37.3 1 0
github.com/davidyunus/sawitpro-estate/main.go:39.2,40.16 2 0
github.com/davidyunus/sawitpro-estate/main.go:40.16,42.3 1 0
github.com/davidyunus/sawitpro-estate/main.go:44.2,46.12 2 0
github.com/davidyunus/sawitpro-estate/main.go:49.23,54.2 3 0
github.com/davidyunus/sawitpro-estate/main.go:56.26,60.2 2 0
github.com/davidyunus/sawitpro-estate/main.go:62.23,68.44 4 0
github.com/davidyunus/sawitpro-estate/main.go:68.44,70.3 1 0
github.com/davidyunus/sawitpro-estate/main.go:72.2,72.25 1 0
github.com/davidyunus/sawitpro-estate/main.go:75.13,77.16 2 0
github.com/davidyunus/sawitpro-estate/main.go:77.16,79.3 1 0
github.com/davidyunus/sawitpro-estate/main.go:80.2,81.16 2 0
github.com/davidyunus/sawitpro-estate/main.go:81.16,83.3 1 0
github.com/davidyunus/sawitpro-estate/main.go:84.2,85.16 2 0
github.com/davidyunus/sawitpro-estate/main.go:85.16,87.3 1 0
github.com/davidyunus/sawitpro-estate/main.go:88.2,89.16 2 0
github.com/davidyunus/sawitpro-estate/main.go:89.16,91.3 1 0
github.com/davidyunus/sawitpro-estate/docs/docs.go:270.13,272.2 1 0
github.com/davidyunus/sawitpro-estate/src/palm_tree/repository/sql/palm_tree_sql.go:18.104,23.2 1 0
github.com/davidyunus/sawitpro-estate/src/palm_tree/repository/sql/palm_tree_sql.go:25.130,27.16 2 0
github.com/davidyunus/sawitpro-estate/src/palm_tree/repository/sql/palm_tree_sql.go:27.16,29.3 1 0
github.com/davidyunus/sawitpro-estate/src/palm_tree/repository/sql/palm_tree_sql.go:31.2,31.15 1 0
github.com/davidyunus/sawitpro-estate/src/palm_tree/repository/sql/palm_tree_sql.go:31.15,33.17 2 0
github.com/davidyunus/sawitpro-estate/src/palm_tree/repository/sql/palm_tree_sql.go:33.17,35.4 1 0
github.com/davidyunus/sawitpro-estate/src/palm_tree/repository/sql/palm_tree_sql.go:38.2,39.18 2 0
github.com/davidyunus/sawitpro-estate/src/palm_tree/repository/sql/palm_tree_sql.go:39.18,50.17 3 0
github.com/davidyunus/sawitpro-estate/src/palm_tree/repository/sql/palm_tree_sql.go:50.17,52.4 1 0
github.com/davidyunus/sawitpro-estate/src/palm_tree/repository/sql/palm_tree_sql.go:54.3,54.36 1 0
github.com/davidyunus/sawitpro-estate/src/palm_tree/repository/sql/palm_tree_sql.go:57.2,57.20 1 0
github.com/davidyunus/sawitpro-estate/src/palm_tree/repository/sql/palm_tree_sql.go:60.119,62.16 2 0
github.com/davidyunus/sawitpro-estate/src/palm_tree/repository/sql/palm_tree_sql.go:62.16,64.3 1 0
github.com/davidyunus/sawitpro-estate/src/palm_tree/repository/sql/palm_tree_sql.go:65.2,65.20 1 0
github.com/davidyunus/sawitpro-estate/src/palm_tree/repository/sql/palm_tree_sql.go:68.117,74.15 3 0
github.com/davidyunus/sawitpro-estate/src/palm_tree/repository/sql/palm_tree_sql.go:74.15,76.3 1 0
github.com/davidyunus/sawitpro-estate/src/palm_tree/repository/sql/palm_tree_sql.go:78.2,85.16 2 0
github.com/davidyunus/sawitpro-estate/src/palm_tree/repository/sql/palm_tree_sql.go:85.16,87.3 1 0
github.com/davidyunus/sawitpro-estate/src/palm_tree/repository/sql/palm_tree_sql.go:89.2,89.12 1 0
github.com/davidyunus/sawitpro-estate/src/helper/http_response.go:16.80,24.2 6 0
github.com/davidyunus/sawitpro-estate/src/helper/http_response.go:26.35,27.16 1 0
github.com/davidyunus/sawitpro-estate/src/helper/http_response.go:27.16,29.3 1 0
github.com/davidyunus/sawitpro-estate/src/helper/http_response.go:31.2,31.21 1 0
github.com/davidyunus/sawitpro-estate/src/helper/http_response.go:32.38,33.31 1 0
github.com/davidyunus/sawitpro-estate/src/helper/http_response.go:34.39,35.31 1 0
github.com/davidyunus/sawitpro-estate/src/helper/http_response.go:36.40,37.29 1 0
github.com/davidyunus/sawitpro-estate/src/helper/http_response.go:38.10,39.40 1 0
github.com/davidyunus/sawitpro-estate/src/helper/time.go:10.22,12.2 1 0
github.com/davidyunus/sawitpro-estate/src/helper/time.go:14.29,16.16 2 0
github.com/davidyunus/sawitpro-estate/src/helper/time.go:16.16,18.3 1 0
github.com/davidyunus/sawitpro-estate/src/helper/time.go:19.2,19.12 1 0
github.com/davidyunus/sawitpro-estate/src/helper/transaction.go:14.32,16.2 1 0
github.com/davidyunus/sawitpro-estate/src/helper/transaction.go:18.45,23.2 1 0
github.com/davidyunus/sawitpro-estate/src/helper/validator.go:9.58,11.2 1 0
github.com/davidyunus/sawitpro-estate/src/helper/validator.go:13.38,15.2 1 0
github.com/davidyunus/sawitpro-estate/src/mock/estate.go:32.71,36.2 3 0
github.com/davidyunus/sawitpro-estate/src/mock/estate.go:39.69,41.2 1 0
github.com/davidyunus/sawitpro-estate/src/mock/estate.go:44.123,50.2 5 0
github.com/davidyunus/sawitpro-estate/src/mock/estate.go:53.84,56.2 2 0
github.com/davidyunus/sawitpro-estate/src/mock/estate.go:59.132,65.2 5 0
github.com/davidyunus/sawitpro-estate/src/mock/estate.go:68.91,71.2 2 0
github.com/davidyunus/sawitpro-estate/src/mock/estate.go:74.112,80.2 5 0
github.com/davidyunus/sawitpro-estate/src/mock/estate.go:83.81,86.2 2 0
github.com/davidyunus/sawitpro-estate/src/mock/estate.go:89.138,95.2 5 0
github.com/davidyunus/sawitpro-estate/src/mock/estate.go:98.89,101.2 2 0
github.com/davidyunus/sawitpro-estate/src/mock/estate.go:115.77,119.2 3 0
github.com/davidyunus/sawitpro-estate/src/mock/estate.go:122.75,124.2 1 0
github.com/davidyunus/sawitpro-estate/src/mock/estate.go:127.94,132.2 4 0
github.com/davidyunus/sawitpro-estate/src/mock/estate.go:135.87,138.2 2 0
github.com/davidyunus/sawitpro-estate/src/mock/estate.go:141.104,147.2 5 0
github.com/davidyunus/sawitpro-estate/src/mock/estate.go:150.87,153.2 2 0
github.com/davidyunus/sawitpro-estate/src/mock/palm_tree.go:32.97,36.2 3 0
github.com/davidyunus/sawitpro-estate/src/mock/palm_tree.go:39.95,41.2 1 0
github.com/davidyunus/sawitpro-estate/src/mock/palm_tree.go:44.120,50.2 5 0
github.com/davidyunus/sawitpro-estate/src/mock/palm_tree.go:53.100,56.2 2 0
github.com/davidyunus/sawitpro-estate/src/mock/palm_tree.go:59.118,64.2 4 0
github.com/davidyunus/sawitpro-estate/src/mock/palm_tree.go:67.102,70.2 2 0
github.com/davidyunus/sawitpro-estate/src/estate/delivery/http/estate_http.go:16.73,25.2 5 1
github.com/davidyunus/sawitpro-estate/src/estate/delivery/http/estate_http.go:36.60,41.16 4 1
github.com/davidyunus/sawitpro-estate/src/estate/delivery/http/estate_http.go:41.16,45.3 3 1
github.com/davidyunus/sawitpro-estate/src/estate/delivery/http/estate_http.go:46.2,48.16 3 1
github.com/davidyunus/sawitpro-estate/src/estate/delivery/http/estate_http.go:48.16,52.3 3 1
github.com/davidyunus/sawitpro-estate/src/estate/delivery/http/estate_http.go:54.2,55.16 2 1
github.com/davidyunus/sawitpro-estate/src/estate/delivery/http/estate_http.go:55.16,58.3 2 1
github.com/davidyunus/sawitpro-estate/src/estate/delivery/http/estate_http.go:60.2,61.45 2 1
github.com/davidyunus/sawitpro-estate/src/estate/delivery/http/estate_http.go:74.61,80.16 5 1
github.com/davidyunus/sawitpro-estate/src/estate/delivery/http/estate_http.go:80.16,84.3 3 1
github.com/davidyunus/sawitpro-estate/src/estate/delivery/http/estate_http.go:85.2,87.16 3 1
github.com/davidyunus/sawitpro-estate/src/estate/delivery/http/estate_http.go:87.16,91.3 3 1
github.com/davidyunus/sawitpro-estate/src/estate/delivery/http/estate_http.go:92.2,93.16 2 1
github.com/davidyunus/sawitpro-estate/src/estate/delivery/http/estate_http.go:93.16,97.3 3 1
github.com/davidyunus/sawitpro-estate/src/estate/delivery/http/estate_http.go:99.2,100.45 2 1
github.com/davidyunus/sawitpro-estate/src/estate/delivery/http/estate_http.go:112.60,117.16 4 1
github.com/davidyunus/sawitpro-estate/src/estate/delivery/http/estate_http.go:117.16,121.3 3 1
github.com/davidyunus/sawitpro-estate/src/estate/delivery/http/estate_http.go:123.2,124.45 2 1
github.com/davidyunus/sawitpro-estate/src/estate/delivery/http/estate_http.go:136.70,141.16 4 1
github.com/davidyunus/sawitpro-estate/src/estate/delivery/http/estate_http.go:141.16,145.3 3 1
github.com/davidyunus/sawitpro-estate/src/estate/delivery/http/estate_http.go:147.2,148.45 2 1
github.com/davidyunus/sawitpro-estate/src/helper/http_response.go:16.80,24.2 6 1
github.com/davidyunus/sawitpro-estate/src/helper/http_response.go:26.35,27.16 1 1
github.com/davidyunus/sawitpro-estate/src/helper/http_response.go:27.16,29.3 1 0
github.com/davidyunus/sawitpro-estate/src/helper/http_response.go:31.2,31.21 1 1
github.com/davidyunus/sawitpro-estate/src/helper/http_response.go:32.38,33.31 1 1
github.com/davidyunus/sawitpro-estate/src/helper/http_response.go:34.39,35.31 1 0
github.com/davidyunus/sawitpro-estate/src/helper/http_response.go:36.40,37.29 1 1
github.com/davidyunus/sawitpro-estate/src/helper/http_response.go:38.10,39.40 1 0
github.com/davidyunus/sawitpro-estate/src/helper/time.go:10.22,12.2 1 0
github.com/davidyunus/sawitpro-estate/src/helper/time.go:14.29,16.16 2 0
github.com/davidyunus/sawitpro-estate/src/helper/time.go:16.16,18.3 1 0
github.com/davidyunus/sawitpro-estate/src/helper/time.go:19.2,19.12 1 0
github.com/davidyunus/sawitpro-estate/src/helper/transaction.go:14.32,16.2 1 0
github.com/davidyunus/sawitpro-estate/src/helper/transaction.go:18.45,23.2 1 0
github.com/davidyunus/sawitpro-estate/src/helper/validator.go:9.58,11.2 1 1
github.com/davidyunus/sawitpro-estate/src/helper/validator.go:13.38,15.2 1 1
github.com/davidyunus/sawitpro-estate/src/mock/estate.go:32.71,36.2 3 1
github.com/davidyunus/sawitpro-estate/src/mock/estate.go:39.69,41.2 1 1
github.com/davidyunus/sawitpro-estate/src/mock/estate.go:44.123,50.2 5 1
github.com/davidyunus/sawitpro-estate/src/mock/estate.go:53.84,56.2 2 1
github.com/davidyunus/sawitpro-estate/src/mock/estate.go:59.132,65.2 5 1
github.com/davidyunus/sawitpro-estate/src/mock/estate.go:68.91,71.2 2 1
github.com/davidyunus/sawitpro-estate/src/mock/estate.go:74.112,80.2 5 1
github.com/davidyunus/sawitpro-estate/src/mock/estate.go:83.81,86.2 2 1
github.com/davidyunus/sawitpro-estate/src/mock/estate.go:89.138,95.2 5 1
github.com/davidyunus/sawitpro-estate/src/mock/estate.go:98.89,101.2 2 1
github.com/davidyunus/sawitpro-estate/src/mock/estate.go:115.77,119.2 3 0
github.com/davidyunus/sawitpro-estate/src/mock/estate.go:122.75,124.2 1 0
github.com/davidyunus/sawitpro-estate/src/mock/estate.go:127.94,132.2 4 0
github.com/davidyunus/sawitpro-estate/src/mock/estate.go:135.87,138.2 2 0
github.com/davidyunus/sawitpro-estate/src/mock/estate.go:141.104,147.2 5 0
github.com/davidyunus/sawitpro-estate/src/mock/estate.go:150.87,153.2 2 0
github.com/davidyunus/sawitpro-estate/src/mock/palm_tree.go:32.97,36.2 3 0
github.com/davidyunus/sawitpro-estate/src/mock/palm_tree.go:39.95,41.2 1 0
github.com/davidyunus/sawitpro-estate/src/mock/palm_tree.go:44.120,50.2 5 0
github.com/davidyunus/sawitpro-estate/src/mock/palm_tree.go:53.100,56.2 2 0
github.com/davidyunus/sawitpro-estate/src/mock/palm_tree.go:59.118,64.2 4 0
github.com/davidyunus/sawitpro-estate/src/mock/palm_tree.go:67.102,70.2 2 0
github.com/davidyunus/sawitpro-estate/src/estate/repository/sql/estate_sql.go:17.92,22.2 1 1
github.com/davidyunus/sawitpro-estate/src/estate/repository/sql/estate_sql.go:24.118,26.16 2 1
github.com/davidyunus/sawitpro-estate/src/estate/repository/sql/estate_sql.go:26.16,28.3 1 1
github.com/davidyunus/sawitpro-estate/src/estate/repository/sql/estate_sql.go:30.2,30.15 1 1
github.com/davidyunus/sawitpro-estate/src/estate/repository/sql/estate_sql.go:30.15,32.17 2 1
github.com/davidyunus/sawitpro-estate/src/estate/repository/sql/estate_sql.go:32.17,34.4 1 0
github.com/davidyunus/sawitpro-estate/src/estate/repository/sql/estate_sql.go:37.2,38.18 2 1
github.com/davidyunus/sawitpro-estate/src/estate/repository/sql/estate_sql.go:38.18,46.17 3 1
github.com/davidyunus/sawitpro-estate/src/estate/repository/sql/estate_sql.go:46.17,48.4 1 0
github.com/davidyunus/sawitpro-estate/src/estate/repository/sql/estate_sql.go:49.3,49.34 1 1
github.com/davidyunus/sawitpro-estate/src/estate/repository/sql/estate_sql.go:52.2,52.20 1 1
github.com/davidyunus/sawitpro-estate/src/estate/repository/sql/estate_sql.go:55.93,61.15 3 1
github.com/davidyunus/sawitpro-estate/src/estate/repository/sql/estate_sql.go:61.15,63.3 1 0
github.com/davidyunus/sawitpro-estate/src/estate/repository/sql/estate_sql.go:65.2,71.16 2 1
github.com/davidyunus/sawitpro-estate/src/estate/repository/sql/estate_sql.go:71.16,73.3 1 1
github.com/davidyunus/sawitpro-estate/src/estate/repository/sql/estate_sql.go:75.2,75.12 1 1
github.com/davidyunus/sawitpro-estate/src/estate/repository/sql/estate_sql.go:78.103,80.16 2 1
github.com/davidyunus/sawitpro-estate/src/estate/repository/sql/estate_sql.go:80.16,82.3 1 1
github.com/davidyunus/sawitpro-estate/src/estate/repository/sql/estate_sql.go:83.2,83.22 1 1
github.com/davidyunus/sawitpro-estate/src/estate/repository/sql/estate_sql.go:83.22,85.3 1 1
github.com/davidyunus/sawitpro-estate/src/estate/repository/sql/estate_sql.go:86.2,86.24 1 1
github.com/davidyunus/sawitpro-estate/src/helper/http_response.go:16.80,24.2 6 0
github.com/davidyunus/sawitpro-estate/src/helper/http_response.go:26.35,27.16 1 0
github.com/davidyunus/sawitpro-estate/src/helper/http_response.go:27.16,29.3 1 0
github.com/davidyunus/sawitpro-estate/src/helper/http_response.go:31.2,31.21 1 0
github.com/davidyunus/sawitpro-estate/src/helper/http_response.go:32.38,33.31 1 0
github.com/davidyunus/sawitpro-estate/src/helper/http_response.go:34.39,35.31 1 0
github.com/davidyunus/sawitpro-estate/src/helper/http_response.go:36.40,37.29 1 0
github.com/davidyunus/sawitpro-estate/src/helper/http_response.go:38.10,39.40 1 0
github.com/davidyunus/sawitpro-estate/src/helper/time.go:10.22,12.2 1 1
github.com/davidyunus/sawitpro-estate/src/helper/time.go:14.29,16.16 2 1
github.com/davidyunus/sawitpro-estate/src/helper/time.go:16.16,18.3 1 0
github.com/davidyunus/sawitpro-estate/src/helper/time.go:19.2,19.12 1 1
github.com/davidyunus/sawitpro-estate/src/helper/transaction.go:14.32,16.2 1 1
github.com/davidyunus/sawitpro-estate/src/helper/transaction.go:18.45,23.2 1 1
github.com/davidyunus/sawitpro-estate/src/helper/validator.go:9.58,11.2 1 0
github.com/davidyunus/sawitpro-estate/src/helper/validator.go:13.38,15.2 1 0
github.com/davidyunus/sawitpro-estate/src/estate/usecase/estate_usecase.go:17.136,22.2 1 1
github.com/davidyunus/sawitpro-estate/src/estate/usecase/estate_usecase.go:24.119,29.32 4 1
github.com/davidyunus/sawitpro-estate/src/estate/usecase/estate_usecase.go:29.32,31.3 1 1
github.com/davidyunus/sawitpro-estate/src/estate/usecase/estate_usecase.go:33.2,39.16 3 1
github.com/davidyunus/sawitpro-estate/src/estate/usecase/estate_usecase.go:39.16,41.3 1 1
github.com/davidyunus/sawitpro-estate/src/estate/usecase/estate_usecase.go:43.2,45.8 1 1
github.com/davidyunus/sawitpro-estate/src/estate/usecase/estate_usecase.go:48.134,50.16 2 1
github.com/davidyunus/sawitpro-estate/src/estate/usecase/estate_usecase.go:50.16,52.3 1 1
github.com/davidyunus/sawitpro-estate/src/estate/usecase/estate_usecase.go:53.2,53.19 1 1
github.com/davidyunus/sawitpro-estate/src/estate/usecase/estate_usecase.go:53.19,55.3 1 1
github.com/davidyunus/sawitpro-estate/src/estate/usecase/estate_usecase.go:57.2,58.16 2 1
github.com/davidyunus/sawitpro-estate/src/estate/usecase/estate_usecase.go:58.16,60.3 1 1
github.com/davidyunus/sawitpro-estate/src/estate/usecase/estate_usecase.go:62.2,62.29 1 1
github.com/davidyunus/sawitpro-estate/src/estate/usecase/estate_usecase.go:62.29,63.45 1 1
github.com/davidyunus/sawitpro-estate/src/estate/usecase/estate_usecase.go:63.45,65.4 1 1
github.com/davidyunus/sawitpro-estate/src/estate/usecase/estate_usecase.go:68.2,69.16 2 1
github.com/davidyunus/sawitpro-estate/src/estate/usecase/estate_usecase.go:69.16,71.3 1 1
github.com/davidyunus/sawitpro-estate/src/estate/usecase/estate_usecase.go:73.2,75.8 1 1
github.com/davidyunus/sawitpro-estate/src/estate/usecase/estate_usecase.go:78.108,80.16 2 0
github.com/davidyunus/sawitpro-estate/src/estate/usecase/estate_usecase.go:80.16,82.3 1 0
github.com/davidyunus/sawitpro-estate/src/estate/usecase/estate_usecase.go:83.2,83.19 1 0
github.com/davidyunus/sawitpro-estate/src/estate/usecase/estate_usecase.go:83.19,85.3 1 0
github.com/davidyunus/sawitpro-estate/src/estate/usecase/estate_usecase.go:87.2,88.16 2 0
github.com/davidyunus/sawitpro-estate/src/estate/usecase/estate_usecase.go:88.16,90.3 1 0
github.com/davidyunus/sawitpro-estate/src/estate/usecase/estate_usecase.go:92.2,94.29 3 0
github.com/davidyunus/sawitpro-estate/src/estate/usecase/estate_usecase.go:94.29,96.38 2 0
github.com/davidyunus/sawitpro-estate/src/estate/usecase/estate_usecase.go:96.38,98.4 1 0
github.com/davidyunus/sawitpro-estate/src/estate/usecase/estate_usecase.go:99.3,99.64 1 0
github.com/davidyunus/sawitpro-estate/src/estate/usecase/estate_usecase.go:99.64,101.4 1 0
github.com/davidyunus/sawitpro-estate/src/estate/usecase/estate_usecase.go:102.3,102.49 1 0
github.com/davidyunus/sawitpro-estate/src/estate/usecase/estate_usecase.go:104.2,106.27 2 0
github.com/davidyunus/sawitpro-estate/src/estate/usecase/estate_usecase.go:109.128,111.16 2 0
github.com/davidyunus/sawitpro-estate/src/estate/usecase/estate_usecase.go:111.16,113.3 1 0
github.com/davidyunus/sawitpro-estate/src/estate/usecase/estate_usecase.go:114.2,114.19 1 0
github.com/davidyunus/sawitpro-estate/src/estate/usecase/estate_usecase.go:114.19,116.3 1 0
github.com/davidyunus/sawitpro-estate/src/estate/usecase/estate_usecase.go:118.2,119.16 2 0
github.com/davidyunus/sawitpro-estate/src/estate/usecase/estate_usecase.go:119.16,121.3 1 0
github.com/davidyunus/sawitpro-estate/src/estate/usecase/estate_usecase.go:123.2,123.40 1 0
github.com/davidyunus/sawitpro-estate/src/estate/usecase/estate_usecase.go:123.40,124.31 1 0
github.com/davidyunus/sawitpro-estate/src/estate/usecase/estate_usecase.go:124.31,126.4 1 0
github.com/davidyunus/sawitpro-estate/src/estate/usecase/estate_usecase.go:127.3,127.33 1 0
github.com/davidyunus/sawitpro-estate/src/estate/usecase/estate_usecase.go:130.2,149.8 7 0
github.com/davidyunus/sawitpro-estate/src/estate/usecase/func.go:10.41,14.14 3 0
github.com/davidyunus/sawitpro-estate/src/estate/usecase/func.go:14.14,16.3 1 0
github.com/davidyunus/sawitpro-estate/src/estate/usecase/func.go:16.8,20.3 3 0
github.com/davidyunus/sawitpro-estate/src/estate/usecase/func.go:23.99,28.33 4 0
github.com/davidyunus/sawitpro-estate/src/estate/usecase/func.go:28.33,39.3 5 0
github.com/davidyunus/sawitpro-estate/src/estate/usecase/func.go:42.2,44.22 2 0
github.com/davidyunus/sawitpro-estate/src/estate/usecase/func.go:47.21,48.11 1 0
github.com/davidyunus/sawitpro-estate/src/estate/usecase/func.go:48.11,50.3 1 0
github.com/davidyunus/sawitpro-estate/src/estate/usecase/func.go:51.2,51.10 1 0
github.com/davidyunus/sawitpro-estate/src/estate/usecase/func.go:54.34,56.2 1 0
github.com/davidyunus/sawitpro-estate/src/mock/estate.go:32.71,36.2 3 0
github.com/davidyunus/sawitpro-estate/src/mock/estate.go:39.69,41.2 1 0
github.com/davidyunus/sawitpro-estate/src/mock/estate.go:44.123,50.2 5 0
github.com/davidyunus/sawitpro-estate/src/mock/estate.go:53.84,56.2 2 0
github.com/davidyunus/sawitpro-estate/src/mock/estate.go:59.132,65.2 5 0
github.com/davidyunus/sawitpro-estate/src/mock/estate.go:68.91,71.2 2 0
github.com/davidyunus/sawitpro-estate/src/mock/estate.go:74.112,80.2 5 0
github.com/davidyunus/sawitpro-estate/src/mock/estate.go:83.81,86.2 2 0
github.com/davidyunus/sawitpro-estate/src/mock/estate.go:89.138,95.2 5 0
github.com/davidyunus/sawitpro-estate/src/mock/estate.go:98.89,101.2 2 0
github.com/davidyunus/sawitpro-estate/src/mock/estate.go:115.77,119.2 3 1
github.com/davidyunus/sawitpro-estate/src/mock/estate.go:122.75,124.2 1 1
github.com/davidyunus/sawitpro-estate/src/mock/estate.go:127.94,132.2 4 1
github.com/davidyunus/sawitpro-estate/src/mock/estate.go:135.87,138.2 2 1
github.com/davidyunus/sawitpro-estate/src/mock/estate.go:141.104,147.2 5 1
github.com/davidyunus/sawitpro-estate/src/mock/estate.go:150.87,153.2 2 1
github.com/davidyunus/sawitpro-estate/src/mock/palm_tree.go:32.97,36.2 3 1
github.com/davidyunus/sawitpro-estate/src/mock/palm_tree.go:39.95,41.2 1 1
github.com/davidyunus/sawitpro-estate/src/mock/palm_tree.go:44.120,50.2 5 1
github.com/davidyunus/sawitpro-estate/src/mock/palm_tree.go:53.100,56.2 2 1
github.com/davidyunus/sawitpro-estate/src/mock/palm_tree.go:59.118,64.2 4 1
github.com/davidyunus/sawitpro-estate/src/mock/palm_tree.go:67.102,70.2 2 1
