mode: set
github.com/davidyunus/sawitpro-estate/src/estate/delivery/http/estate_http.go:17.73,24.2 3 0
github.com/davidyunus/sawitpro-estate/src/estate/delivery/http/estate_http.go:26.60,31.16 4 0
github.com/davidyunus/sawitpro-estate/src/estate/delivery/http/estate_http.go:31.16,35.3 3 0
github.com/davidyunus/sawitpro-estate/src/estate/delivery/http/estate_http.go:36.2,38.16 3 0
github.com/davidyunus/sawitpro-estate/src/estate/delivery/http/estate_http.go:38.16,42.3 3 0
github.com/davidyunus/sawitpro-estate/src/estate/delivery/http/estate_http.go:44.2,45.16 2 0
github.com/davidyunus/sawitpro-estate/src/estate/delivery/http/estate_http.go:45.16,48.3 2 0
github.com/davidyunus/sawitpro-estate/src/estate/delivery/http/estate_http.go:50.2,51.45 2 0
github.com/davidyunus/sawitpro-estate/src/estate/delivery/http/estate_http.go:54.62,58.16 4 0
github.com/davidyunus/sawitpro-estate/src/estate/delivery/http/estate_http.go:58.16,61.3 2 0
github.com/davidyunus/sawitpro-estate/src/estate/delivery/http/estate_http.go:63.2,65.16 3 0
github.com/davidyunus/sawitpro-estate/src/estate/delivery/http/estate_http.go:65.16,69.3 3 0
github.com/davidyunus/sawitpro-estate/src/estate/delivery/http/estate_http.go:70.2,72.16 3 0
github.com/davidyunus/sawitpro-estate/src/estate/delivery/http/estate_http.go:72.16,76.3 3 0
github.com/davidyunus/sawitpro-estate/src/estate/delivery/http/estate_http.go:77.2,78.16 2 0
github.com/davidyunus/sawitpro-estate/src/estate/delivery/http/estate_http.go:78.16,81.3 2 0
github.com/davidyunus/sawitpro-estate/src/estate/delivery/http/estate_http.go:83.2,85.45 2 0
github.com/davidyunus/sawitpro-estate/src/estate/repository/sql/estate_sql.go:17.92,22.2 1 0
github.com/davidyunus/sawitpro-estate/src/estate/repository/sql/estate_sql.go:24.93,30.15 3 0
github.com/davidyunus/sawitpro-estate/src/estate/repository/sql/estate_sql.go:30.15,32.3 1 0
github.com/davidyunus/sawitpro-estate/src/estate/repository/sql/estate_sql.go:34.2,40.16 2 0
github.com/davidyunus/sawitpro-estate/src/estate/repository/sql/estate_sql.go:40.16,42.3 1 0
github.com/davidyunus/sawitpro-estate/src/estate/repository/sql/estate_sql.go:44.2,44.12 1 0
github.com/davidyunus/sawitpro-estate/src/estate/repository/sql/estate_sql.go:47.104,53.15 3 0
github.com/davidyunus/sawitpro-estate/src/estate/repository/sql/estate_sql.go:53.15,55.3 1 0
github.com/davidyunus/sawitpro-estate/src/estate/repository/sql/estate_sql.go:57.2,64.16 2 0
github.com/davidyunus/sawitpro-estate/src/estate/repository/sql/estate_sql.go:64.16,66.3 1 0
github.com/davidyunus/sawitpro-estate/src/estate/repository/sql/estate_sql.go:68.2,68.12 1 0
github.com/davidyunus/sawitpro-estate/src/mock/estate.go:32.71,36.2 3 0
github.com/davidyunus/sawitpro-estate/src/mock/estate.go:39.69,41.2 1 0
github.com/davidyunus/sawitpro-estate/src/mock/estate.go:44.123,50.2 5 0
github.com/davidyunus/sawitpro-estate/src/mock/estate.go:53.84,56.2 2 0
github.com/davidyunus/sawitpro-estate/src/mock/estate.go:59.102,64.2 4 0
github.com/davidyunus/sawitpro-estate/src/mock/estate.go:67.89,70.2 2 0
github.com/davidyunus/sawitpro-estate/src/mock/estate.go:84.77,88.2 3 0
github.com/davidyunus/sawitpro-estate/src/mock/estate.go:91.75,93.2 1 0
github.com/davidyunus/sawitpro-estate/src/mock/estate.go:96.94,101.2 4 0
github.com/davidyunus/sawitpro-estate/src/mock/estate.go:104.87,107.2 2 0
github.com/davidyunus/sawitpro-estate/src/estate/usecase/estate_usecase.go:14.80,18.2 1 0
github.com/davidyunus/sawitpro-estate/src/estate/usecase/estate_usecase.go:20.119,25.32 4 0
github.com/davidyunus/sawitpro-estate/src/estate/usecase/estate_usecase.go:25.32,27.3 1 0
github.com/davidyunus/sawitpro-estate/src/estate/usecase/estate_usecase.go:29.2,35.16 3 0
github.com/davidyunus/sawitpro-estate/src/estate/usecase/estate_usecase.go:35.16,37.3 1 0
github.com/davidyunus/sawitpro-estate/src/estate/usecase/estate_usecase.go:39.2,41.8 1 0
github.com/davidyunus/sawitpro-estate/src/estate/usecase/estate_usecase.go:44.98,47.2 1 0
github.com/davidyunus/sawitpro-estate/src/helper/http_response.go:16.80,24.2 6 0
github.com/davidyunus/sawitpro-estate/src/helper/http_response.go:26.35,27.16 1 0
github.com/davidyunus/sawitpro-estate/src/helper/http_response.go:27.16,29.3 1 0
github.com/davidyunus/sawitpro-estate/src/helper/http_response.go:31.2,31.21 1 0
github.com/davidyunus/sawitpro-estate/src/helper/http_response.go:32.38,33.31 1 0
github.com/davidyunus/sawitpro-estate/src/helper/http_response.go:34.39,35.31 1 0
github.com/davidyunus/sawitpro-estate/src/helper/http_response.go:36.10,37.40 1 0
github.com/davidyunus/sawitpro-estate/src/helper/transaction.go:14.32,16.2 1 0
github.com/davidyunus/sawitpro-estate/src/helper/transaction.go:18.45,23.2 1 0
github.com/davidyunus/sawitpro-estate/src/helper/validator.go:9.58,11.2 1 0
github.com/davidyunus/sawitpro-estate/src/helper/validator.go:13.38,15.2 1 0
github.com/davidyunus/sawitpro-estate/main.go:28.27,33.16 3 0
github.com/davidyunus/sawitpro-estate/main.go:33.16,35.3 1 0
github.com/davidyunus/sawitpro-estate/main.go:37.2,38.16 2 0
github.com/davidyunus/sawitpro-estate/main.go:38.16,40.3 1 0
github.com/davidyunus/sawitpro-estate/main.go:42.2,44.12 2 0
github.com/davidyunus/sawitpro-estate/main.go:47.23,51.2 2 0
github.com/davidyunus/sawitpro-estate/main.go:53.26,57.2 2 0
github.com/davidyunus/sawitpro-estate/main.go:59.23,65.44 4 0
github.com/davidyunus/sawitpro-estate/main.go:65.44,67.3 1 0
github.com/davidyunus/sawitpro-estate/main.go:69.2,69.25 1 0
github.com/davidyunus/sawitpro-estate/main.go:72.13,74.16 2 0
github.com/davidyunus/sawitpro-estate/main.go:74.16,76.3 1 0
github.com/davidyunus/sawitpro-estate/main.go:77.2,78.16 2 0
github.com/davidyunus/sawitpro-estate/main.go:78.16,80.3 1 0
github.com/davidyunus/sawitpro-estate/main.go:81.2,82.16 2 0
github.com/davidyunus/sawitpro-estate/main.go:82.16,84.3 1 0
github.com/davidyunus/sawitpro-estate/main.go:85.2,86.16 2 0
github.com/davidyunus/sawitpro-estate/main.go:86.16,88.3 1 0
